<?xml version="1.0" encoding="UTF-8"?>
<!-- Generated by org.testng.reporters.JUnitReportReporter -->
<testsuite hostname="LTIN201292" failures="0" tests="1" name="testCases.TC003_Emi_Calculator" time="3.032" errors="0" timestamp="2024-02-29T09:59:37 IST" skipped="0">
  <testcase classname="testCases.TC003_Emi_Calculator" name="emi_calculator_Validation" time="3.032"/>
  <system-out/>
</testsuite> <!-- testCases.TC003_Emi_Calculator -->
