<?xml version="1.0" encoding="UTF-8"?>
<!-- Generated by org.testng.reporters.JUnitReportReporter -->
<testsuite hostname="LTIN201292" failures="0" tests="1" name="testCases.TC005_LoanTenure_Calculator" time="0.923" errors="0" timestamp="2024-02-29T09:59:37 IST" skipped="0">
  <testcase classname="testCases.TC005_LoanTenure_Calculator" name="Test5_001" time="0.923"/>
  <system-out/>
</testsuite> <!-- testCases.TC005_LoanTenure_Calculator -->
