<?xml version="1.0" encoding="UTF-8"?>
<!-- Generated by org.testng.reporters.JUnitReportReporter -->
<testsuite hostname="LTIN201292" failures="0" tests="5" name="testCases.TestCases" time="117.402" errors="0" timestamp="2024-02-26T11:59:34 IST" skipped="0">
  <testcase classname="testCases.TestCases" name="car_Emi_Validation" time="2.952"/>
  <system-out/>
  <testcase classname="testCases.TestCases" name="home_Loan_Validation" time="80.670"/>
  <system-out/>
  <testcase classname="testCases.TestCases" name="emi_calculator_Validation" time="32.514"/>
  <system-out/>
  <testcase classname="testCases.TestCases" name="loan_amount_calculator_Validation" time="0.722"/>
  <system-out/>
  <testcase classname="testCases.TestCases" name="Loan_tenure_Validation" time="0.544"/>
  <system-out/>
</testsuite> <!-- testCases.TestCases -->
