<?xml version="1.0" encoding="UTF-8"?>
<!-- Generated by org.testng.reporters.JUnitReportReporter -->
<testsuite hostname="LTIN201292" failures="0" tests="3" name="testCases.TC001_CarLoan_Calculator" time="8.252" errors="0" timestamp="2024-02-29T09:59:37 IST" skipped="0">
  <testcase classname="testCases.TC001_CarLoan_Calculator" name="Test1_001" time="0.724"/>
  <system-out/>
  <testcase classname="testCases.TC001_CarLoan_Calculator" name="Test1_002" time="5.282"/>
  <system-out/>
  <testcase classname="testCases.TC001_CarLoan_Calculator" name="Test1_003" time="2.246"/>
  <system-out/>
</testsuite> <!-- testCases.TC001_CarLoan_Calculator -->
