<?xml version="1.0" encoding="UTF-8"?>
<!-- Generated by org.testng.reporters.JUnitReportReporter -->
<testsuite hostname="LTIN201292" failures="0" tests="3" name="testCases.TC002_HomeLoan_Calculator" time="20.535" errors="0" timestamp="2024-02-29T09:59:37 IST" skipped="0">
  <testcase classname="testCases.TC002_HomeLoan_Calculator" name="Test2_001" time="3.629"/>
  <system-out/>
  <testcase classname="testCases.TC002_HomeLoan_Calculator" name="Test2_002" time="3.142"/>
  <system-out/>
  <testcase classname="testCases.TC002_HomeLoan_Calculator" name="Test2_004" time="13.764"/>
  <system-out/>
</testsuite> <!-- testCases.TC002_HomeLoan_Calculator -->
